2025-04-18 19:01:36,868 | INFO | Filtered to 236 spending transactions.
2025-04-18 19:01:36,869 | INFO | Filtered to 13 earning transactions.
2025-04-18 19:01:38,029 | INFO | 0     2025-01-01
1     2025-01-03
2     2025-01-03
3     2025-01-03
4     2025-01-03
         ...    
281   2024-12-18
282   2024-12-20
283   2024-12-23
284   2024-12-23
285   2024-12-31
Name: Date, Length: 249, dtype: datetime64[ns], 0     2025-01-01
1     2025-01-03
2     2025-01-03
3     2025-01-03
4     2025-01-03
         ...    
281   2024-12-18
282   2024-12-20
283   2024-12-23
284   2024-12-23
285   2024-12-31
Name: Date, Length: 249, dtype: datetime64[ns]
2025-04-18 19:01:38,136 | INFO | Report successfully generated.
2025-04-18 19:01:41,885 | INFO | Filtered to 236 spending transactions.
2025-04-18 19:01:41,886 | INFO | Filtered to 13 earning transactions.
2025-04-18 19:01:43,027 | INFO | 0     2025-01-01
1     2025-01-03
2     2025-01-03
3     2025-01-03
4     2025-01-03
         ...    
281   2024-12-18
282   2024-12-20
283   2024-12-23
284   2024-12-23
285   2024-12-31
Name: Date, Length: 249, dtype: datetime64[ns], 0     2025-01-01
1     2025-01-03
2     2025-01-03
3     2025-01-03
4     2025-01-03
         ...    
281   2024-12-18
282   2024-12-20
283   2024-12-23
284   2024-12-23
285   2024-12-31
Name: Date, Length: 249, dtype: datetime64[ns]
2025-04-18 19:01:43,132 | INFO | Report successfully generated.
2025-04-18 19:04:22,969 | INFO | Filtered to 236 spending transactions.
2025-04-18 19:04:22,970 | INFO | Filtered to 13 earning transactions.
2025-04-18 19:04:24,229 | INFO | 0     2025-01-01
1     2025-01-03
2     2025-01-03
3     2025-01-03
4     2025-01-03
         ...    
281   2024-12-18
282   2024-12-20
283   2024-12-23
284   2024-12-23
285   2024-12-31
Name: Date, Length: 249, dtype: datetime64[ns], 0     2025-01-01
1     2025-01-03
2     2025-01-03
3     2025-01-03
4     2025-01-03
         ...    
281   2024-12-18
282   2024-12-20
283   2024-12-23
284   2024-12-23
285   2024-12-31
Name: Date, Length: 249, dtype: datetime64[ns]
2025-04-18 19:08:28,436 | INFO | Filtered to 236 spending transactions.
2025-04-18 19:08:28,436 | INFO | Filtered to 13 earning transactions.
2025-04-18 19:08:29,625 | INFO | 0     2025-01-01
1     2025-01-03
2     2025-01-03
3     2025-01-03
4     2025-01-03
         ...    
281   2024-12-18
282   2024-12-20
283   2024-12-23
284   2024-12-23
285   2024-12-31
Name: Date, Length: 249, dtype: datetime64[ns], 0     2025-01-01
1     2025-01-03
2     2025-01-03
3     2025-01-03
4     2025-01-03
         ...    
281   2024-12-18
282   2024-12-20
283   2024-12-23
284   2024-12-23
285   2024-12-31
Name: Date, Length: 249, dtype: datetime64[ns]
2025-04-18 19:08:29,732 | INFO | Report successfully generated.
2025-04-18 19:08:51,557 | INFO | Processing file: DanskeFreedom-0125.csv
2025-04-18 19:08:51,561 | INFO | Loaded 34 rows from DanskeFreedom-0125.csv
2025-04-18 19:08:51,561 | INFO | Processing file: DanskeFreedom-0225.csv
2025-04-18 19:08:51,563 | INFO | Loaded 34 rows from DanskeFreedom-0225.csv
2025-04-18 19:08:51,563 | INFO | Processing file: DanskeFreedom-0325.csv
2025-04-18 19:08:51,564 | INFO | Loaded 38 rows from DanskeFreedom-0325.csv
2025-04-18 19:08:51,564 | INFO | Processing file: DanskeFreedom-0824.csv
2025-04-18 19:08:51,565 | INFO | Loaded 37 rows from DanskeFreedom-0824.csv
2025-04-18 19:08:51,565 | INFO | Processing file: DanskeFreedom-0924.csv
2025-04-18 19:08:51,566 | INFO | Loaded 35 rows from DanskeFreedom-0924.csv
2025-04-18 19:08:51,566 | INFO | Processing file: DanskeFreedom-1024.csv
2025-04-18 19:08:51,567 | INFO | Loaded 35 rows from DanskeFreedom-1024.csv
2025-04-18 19:08:51,568 | INFO | Processing file: DanskeFreedom-1124.csv
2025-04-18 19:08:51,569 | INFO | Loaded 45 rows from DanskeFreedom-1124.csv
2025-04-18 19:08:51,569 | INFO | Processing file: DanskeFreedom-1224.csv
2025-04-18 19:08:51,570 | INFO | Loaded 28 rows from DanskeFreedom-1224.csv
2025-04-18 19:08:51,571 | INFO | All files successfully combined.
2025-04-18 19:08:51,579 | INFO | Data cleaned. Remaining rows: 249
2025-04-18 19:08:51,579 | INFO | Filtered to 236 spending transactions.
2025-04-18 19:08:51,580 | INFO | Filtered to 13 earning transactions.
2025-04-18 19:08:52,928 | INFO | 0     2024-09-02
1     2024-09-02
2     2024-09-02
3     2024-09-02
4     2024-09-02
         ...    
244   2025-03-29
245   2025-03-31
246   2025-03-31
247   2025-03-31
248   2025-03-31
Name: Date, Length: 249, dtype: datetime64[ns], 0     2024-09-02
1     2024-09-02
2     2024-09-02
3     2024-09-02
4     2024-09-02
         ...    
244   2025-03-29
245   2025-03-31
246   2025-03-31
247   2025-03-31
248   2025-03-31
Name: Date, Length: 249, dtype: datetime64[ns]
2025-04-18 19:08:53,039 | INFO | Report successfully generated.
2025-04-18 19:09:58,595 | INFO | Processing file: DanskeFreedom-0125.csv
2025-04-18 19:09:58,598 | INFO | Loaded 34 rows from DanskeFreedom-0125.csv
2025-04-18 19:09:58,599 | INFO | Processing file: DanskeFreedom-0225.csv
2025-04-18 19:09:58,600 | INFO | Loaded 34 rows from DanskeFreedom-0225.csv
2025-04-18 19:09:58,600 | INFO | Processing file: DanskeFreedom-0325.csv
2025-04-18 19:09:58,601 | INFO | Loaded 38 rows from DanskeFreedom-0325.csv
2025-04-18 19:09:58,601 | INFO | Processing file: DanskeFreedom-0824.csv
2025-04-18 19:09:58,602 | INFO | Loaded 37 rows from DanskeFreedom-0824.csv
2025-04-18 19:09:58,603 | INFO | Processing file: DanskeFreedom-0924.csv
2025-04-18 19:09:58,603 | INFO | Loaded 35 rows from DanskeFreedom-0924.csv
2025-04-18 19:09:58,604 | INFO | Processing file: DanskeFreedom-1024.csv
2025-04-18 19:09:58,605 | INFO | Loaded 35 rows from DanskeFreedom-1024.csv
2025-04-18 19:09:58,605 | INFO | Processing file: DanskeFreedom-1124.csv
2025-04-18 19:09:58,606 | INFO | Loaded 45 rows from DanskeFreedom-1124.csv
2025-04-18 19:09:58,606 | INFO | Processing file: DanskeFreedom-1224.csv
2025-04-18 19:09:58,607 | INFO | Loaded 28 rows from DanskeFreedom-1224.csv
2025-04-18 19:09:58,608 | INFO | All files successfully combined.
2025-04-18 19:09:58,616 | INFO | Data cleaned. Remaining rows: 249
2025-04-18 19:09:58,617 | INFO | Filtered to 236 spending transactions.
2025-04-18 19:09:58,618 | INFO | Filtered to 13 earning transactions.
2025-04-18 19:09:59,894 | INFO | 0     2025-03-31
1     2025-03-31
2     2025-03-31
3     2025-03-31
4     2025-03-29
         ...    
244   2024-09-02
245   2024-09-02
246   2024-09-02
247   2024-09-02
248   2024-09-02
Name: Date, Length: 249, dtype: datetime64[ns], 0     2025-03-31
1     2025-03-31
2     2025-03-31
3     2025-03-31
4     2025-03-29
         ...    
244   2024-09-02
245   2024-09-02
246   2024-09-02
247   2024-09-02
248   2024-09-02
Name: Date, Length: 249, dtype: datetime64[ns]
2025-04-18 19:10:00,007 | INFO | Report successfully generated.
2025-04-18 19:19:25,012 | INFO | Processing file: DanskeFreedom-0125.csv
2025-04-18 19:19:25,016 | INFO | Loaded 34 rows from DanskeFreedom-0125.csv
2025-04-18 19:19:25,017 | INFO | Processing file: DanskeFreedom-0225.csv
2025-04-18 19:19:25,018 | INFO | Loaded 34 rows from DanskeFreedom-0225.csv
2025-04-18 19:19:25,018 | INFO | Processing file: DanskeFreedom-0325.csv
2025-04-18 19:19:25,019 | INFO | Loaded 38 rows from DanskeFreedom-0325.csv
2025-04-18 19:19:25,019 | INFO | Processing file: DanskeFreedom-0824.csv
2025-04-18 19:19:25,020 | INFO | Loaded 37 rows from DanskeFreedom-0824.csv
2025-04-18 19:19:25,021 | INFO | Processing file: DanskeFreedom-0924.csv
2025-04-18 19:19:25,022 | INFO | Loaded 35 rows from DanskeFreedom-0924.csv
2025-04-18 19:19:25,022 | INFO | Processing file: DanskeFreedom-1024.csv
2025-04-18 19:19:25,023 | INFO | Loaded 35 rows from DanskeFreedom-1024.csv
2025-04-18 19:19:25,023 | INFO | Processing file: DanskeFreedom-1124.csv
2025-04-18 19:19:25,024 | INFO | Loaded 45 rows from DanskeFreedom-1124.csv
2025-04-18 19:19:25,024 | INFO | Processing file: DanskeFreedom-1224.csv
2025-04-18 19:19:25,025 | INFO | Loaded 28 rows from DanskeFreedom-1224.csv
2025-04-18 19:19:25,026 | INFO | All files successfully combined.
2025-04-18 19:19:25,034 | INFO | Data cleaned. Remaining rows: 249
2025-04-18 19:19:25,035 | INFO | Filtered to 236 spending transactions.
2025-04-18 19:19:25,035 | INFO | Filtered to 13 earning transactions.
2025-04-18 19:19:26,272 | INFO | 0     2025-03-31
1     2025-03-31
2     2025-03-31
3     2025-03-31
4     2025-03-29
         ...    
244   2024-09-02
245   2024-09-02
246   2024-09-02
247   2024-09-02
248   2024-09-02
Name: Date, Length: 249, dtype: datetime64[ns], 0     2025-03-31
1     2025-03-31
2     2025-03-31
3     2025-03-31
4     2025-03-29
         ...    
244   2024-09-02
245   2024-09-02
246   2024-09-02
247   2024-09-02
248   2024-09-02
Name: Date, Length: 249, dtype: datetime64[ns]
2025-04-18 19:19:26,381 | INFO | Report successfully generated.
2025-04-18 19:33:36,632 | INFO | Processing file: DanskeFreedom-0125.csv
2025-04-18 19:33:36,636 | INFO | Loaded 34 rows from DanskeFreedom-0125.csv
2025-04-18 19:33:36,636 | INFO | Processing file: DanskeFreedom-0225.csv
2025-04-18 19:33:36,637 | INFO | Loaded 34 rows from DanskeFreedom-0225.csv
2025-04-18 19:33:36,638 | INFO | Processing file: DanskeFreedom-0325.csv
2025-04-18 19:33:36,639 | INFO | Loaded 38 rows from DanskeFreedom-0325.csv
2025-04-18 19:33:36,639 | INFO | Processing file: DanskeFreedom-0824.csv
2025-04-18 19:33:36,640 | INFO | Loaded 37 rows from DanskeFreedom-0824.csv
2025-04-18 19:33:36,640 | INFO | Processing file: DanskeFreedom-0924.csv
2025-04-18 19:33:36,641 | INFO | Loaded 35 rows from DanskeFreedom-0924.csv
2025-04-18 19:33:36,642 | INFO | Processing file: DanskeFreedom-1024.csv
2025-04-18 19:33:36,643 | INFO | Loaded 35 rows from DanskeFreedom-1024.csv
2025-04-18 19:33:36,643 | INFO | Processing file: DanskeFreedom-1124.csv
2025-04-18 19:33:36,644 | INFO | Loaded 45 rows from DanskeFreedom-1124.csv
2025-04-18 19:33:36,644 | INFO | Processing file: DanskeFreedom-1224.csv
2025-04-18 19:33:36,646 | INFO | Loaded 28 rows from DanskeFreedom-1224.csv
2025-04-18 19:33:36,647 | INFO | All files successfully combined.
2025-04-18 19:33:36,653 | INFO | Data cleaned. Remaining rows: 249
2025-04-18 19:33:36,654 | INFO | Filtered to 236 spending transactions.
2025-04-18 19:33:36,655 | INFO | Filtered to 13 earning transactions.
2025-04-18 19:33:37,915 | INFO | 0     2025-03-31
1     2025-03-31
2     2025-03-31
3     2025-03-31
4     2025-03-29
         ...    
244   2024-09-02
245   2024-09-02
246   2024-09-02
247   2024-09-02
248   2024-09-02
Name: Date, Length: 249, dtype: datetime64[ns], 0     2025-03-31
1     2025-03-31
2     2025-03-31
3     2025-03-31
4     2025-03-29
         ...    
244   2024-09-02
245   2024-09-02
246   2024-09-02
247   2024-09-02
248   2024-09-02
Name: Date, Length: 249, dtype: datetime64[ns]
2025-04-18 21:58:50,997 | INFO | Filtered to 0 spending transactions.
2025-04-18 21:58:50,998 | INFO | Filtered to 0 earning transactions.
2025-04-18 21:58:51,062 | ERROR | Error generating report: 'Source File'
Traceback (most recent call last):
  File "C:\Users\Calvin\Desktop\money_handling\spending_report\Home.py", line 114, in <module>
    df_sorted = df.sort_values(["Source File", "Date"])
  File "C:\Users\Calvin\Desktop\money_handling\venv\Lib\site-packages\pandas\core\frame.py", line 7172, in sort_values
    keys = [self._get_label_or_level_values(x, axis=axis) for x in by]
            ~~~~~~~~~~~~~~~~~~~~~~~~~~~~~~~^^^^^^^^^^^^^^
  File "C:\Users\Calvin\Desktop\money_handling\venv\Lib\site-packages\pandas\core\generic.py", line 1911, in _get_label_or_level_values
    raise KeyError(key)
KeyError: 'Source File'
2025-04-18 21:59:01,567 | INFO | Processing file: DanskeFreedom-0125.csv
2025-04-18 21:59:01,568 | INFO | Loaded 34 rows from DanskeFreedom-0125.csv
2025-04-18 21:59:01,568 | INFO | Processing file: DanskeFreedom-0225.csv
2025-04-18 21:59:01,569 | INFO | Loaded 34 rows from DanskeFreedom-0225.csv
2025-04-18 21:59:01,570 | INFO | Processing file: DanskeFreedom-0325.csv
2025-04-18 21:59:01,571 | INFO | Loaded 38 rows from DanskeFreedom-0325.csv
2025-04-18 21:59:01,571 | INFO | Processing file: DanskeFreedom-0824.csv
2025-04-18 21:59:01,572 | INFO | Loaded 37 rows from DanskeFreedom-0824.csv
2025-04-18 21:59:01,572 | INFO | Processing file: DanskeFreedom-0924.csv
2025-04-18 21:59:01,573 | INFO | Loaded 35 rows from DanskeFreedom-0924.csv
2025-04-18 21:59:01,573 | INFO | Processing file: DanskeFreedom-1024.csv
2025-04-18 21:59:01,574 | INFO | Loaded 35 rows from DanskeFreedom-1024.csv
2025-04-18 21:59:01,575 | INFO | Processing file: DanskeFreedom-1124.csv
2025-04-18 21:59:01,575 | INFO | Loaded 45 rows from DanskeFreedom-1124.csv
2025-04-18 21:59:01,576 | INFO | Processing file: DanskeFreedom-1224.csv
2025-04-18 21:59:01,577 | INFO | Loaded 28 rows from DanskeFreedom-1224.csv
2025-04-18 21:59:01,577 | INFO | All files successfully combined.
2025-04-18 21:59:01,583 | INFO | Data cleaned. Remaining rows: 249
2025-04-18 21:59:01,584 | INFO | Filtered to 236 spending transactions.
2025-04-18 21:59:01,584 | INFO | Filtered to 13 earning transactions.
2025-04-18 21:59:02,732 | INFO | 0     2025-03-31
1     2025-03-31
2     2025-03-31
3     2025-03-31
4     2025-03-29
         ...    
244   2024-09-02
245   2024-09-02
246   2024-09-02
247   2024-09-02
248   2024-09-02
Name: Date, Length: 249, dtype: datetime64[ns], 0     2025-03-31
1     2025-03-31
2     2025-03-31
3     2025-03-31
4     2025-03-29
         ...    
244   2024-09-02
245   2024-09-02
246   2024-09-02
247   2024-09-02
248   2024-09-02
Name: Date, Length: 249, dtype: datetime64[ns]
2025-04-18 21:59:02,838 | INFO | Report successfully generated.
2025-04-18 21:59:15,185 | INFO | Processing file: DanskeFreedom-0125.csv
2025-04-18 21:59:15,186 | INFO | Loaded 34 rows from DanskeFreedom-0125.csv
2025-04-18 21:59:15,187 | INFO | Processing file: DanskeFreedom-0225.csv
2025-04-18 21:59:15,187 | INFO | Loaded 34 rows from DanskeFreedom-0225.csv
2025-04-18 21:59:15,188 | INFO | Processing file: DanskeFreedom-0325.csv
2025-04-18 21:59:15,189 | INFO | Loaded 38 rows from DanskeFreedom-0325.csv
2025-04-18 21:59:15,189 | INFO | Processing file: DanskeFreedom-0824.csv
2025-04-18 21:59:15,190 | INFO | Loaded 37 rows from DanskeFreedom-0824.csv
2025-04-18 21:59:15,190 | INFO | Processing file: DanskeFreedom-0924.csv
2025-04-18 21:59:15,191 | INFO | Loaded 35 rows from DanskeFreedom-0924.csv
2025-04-18 21:59:15,191 | INFO | Processing file: DanskeFreedom-1024.csv
2025-04-18 21:59:15,192 | INFO | Loaded 35 rows from DanskeFreedom-1024.csv
2025-04-18 21:59:15,192 | INFO | Processing file: DanskeFreedom-1124.csv
2025-04-18 21:59:15,193 | INFO | Loaded 45 rows from DanskeFreedom-1124.csv
2025-04-18 21:59:15,194 | INFO | All files successfully combined.
2025-04-18 21:59:15,199 | INFO | Data cleaned. Remaining rows: 221
2025-04-18 21:59:15,199 | INFO | Filtered to 210 spending transactions.
2025-04-18 21:59:15,200 | INFO | Filtered to 11 earning transactions.
2025-04-18 21:59:15,947 | INFO | Processing file: DanskeFreedom-0125.csv
2025-04-18 21:59:15,948 | INFO | Loaded 34 rows from DanskeFreedom-0125.csv
2025-04-18 21:59:15,949 | INFO | Processing file: DanskeFreedom-0225.csv
2025-04-18 21:59:15,950 | INFO | Loaded 34 rows from DanskeFreedom-0225.csv
2025-04-18 21:59:15,950 | INFO | Processing file: DanskeFreedom-0325.csv
2025-04-18 21:59:15,958 | INFO | Loaded 38 rows from DanskeFreedom-0325.csv
2025-04-18 21:59:15,959 | INFO | Processing file: DanskeFreedom-0824.csv
2025-04-18 21:59:15,972 | INFO | Loaded 37 rows from DanskeFreedom-0824.csv
2025-04-18 21:59:15,973 | INFO | Processing file: DanskeFreedom-0924.csv
2025-04-18 21:59:15,975 | INFO | Loaded 35 rows from DanskeFreedom-0924.csv
2025-04-18 21:59:15,975 | INFO | Processing file: DanskeFreedom-1024.csv
2025-04-18 21:59:15,977 | INFO | Loaded 35 rows from DanskeFreedom-1024.csv
2025-04-18 21:59:15,979 | INFO | All files successfully combined.
2025-04-18 21:59:16,007 | INFO | Data cleaned. Remaining rows: 176
2025-04-18 21:59:16,009 | INFO | Filtered to 167 spending transactions.
2025-04-18 21:59:16,020 | INFO | Filtered to 9 earning transactions.
2025-04-18 21:59:16,305 | INFO | 0     2025-03-31
1     2025-03-31
2     2025-03-31
3     2025-03-31
4     2025-03-29
         ...    
216   2024-09-02
217   2024-09-02
218   2024-09-02
219   2024-09-02
220   2024-09-02
Name: Date, Length: 221, dtype: datetime64[ns], 0     2025-03-31
1     2025-03-31
2     2025-03-31
3     2025-03-31
4     2025-03-29
         ...    
216   2024-09-02
217   2024-09-02
218   2024-09-02
219   2024-09-02
220   2024-09-02
Name: Date, Length: 221, dtype: datetime64[ns]
2025-04-18 21:59:16,877 | INFO | Processing file: DanskeFreedom-0125.csv
2025-04-18 21:59:16,879 | INFO | Loaded 34 rows from DanskeFreedom-0125.csv
2025-04-18 21:59:16,880 | INFO | Processing file: DanskeFreedom-0225.csv
2025-04-18 21:59:16,888 | INFO | Loaded 34 rows from DanskeFreedom-0225.csv
2025-04-18 21:59:16,889 | INFO | Processing file: DanskeFreedom-0325.csv
2025-04-18 21:59:16,891 | INFO | Loaded 38 rows from DanskeFreedom-0325.csv
2025-04-18 21:59:16,891 | INFO | Processing file: DanskeFreedom-0824.csv
2025-04-18 21:59:16,893 | INFO | Loaded 37 rows from DanskeFreedom-0824.csv
2025-04-18 21:59:16,893 | INFO | Processing file: DanskeFreedom-0924.csv
2025-04-18 21:59:16,906 | INFO | Loaded 35 rows from DanskeFreedom-0924.csv
2025-04-18 21:59:16,907 | INFO | All files successfully combined.
2025-04-18 21:59:16,924 | INFO | Data cleaned. Remaining rows: 141
2025-04-18 21:59:16,925 | INFO | Filtered to 133 spending transactions.
2025-04-18 21:59:16,925 | INFO | Filtered to 8 earning transactions.
2025-04-18 21:59:17,317 | INFO | 0     2025-03-31
1     2025-03-31
2     2025-03-31
3     2025-03-31
4     2025-03-29
         ...    
171   2024-09-02
172   2024-09-02
173   2024-09-02
174   2024-09-02
175   2024-09-02
Name: Date, Length: 176, dtype: datetime64[ns], 0     2025-03-31
1     2025-03-31
2     2025-03-31
3     2025-03-31
4     2025-03-29
         ...    
171   2024-09-02
172   2024-09-02
173   2024-09-02
174   2024-09-02
175   2024-09-02
Name: Date, Length: 176, dtype: datetime64[ns]
2025-04-18 21:59:17,408 | INFO | Processing file: DanskeFreedom-0125.csv
2025-04-18 21:59:17,409 | INFO | Loaded 34 rows from DanskeFreedom-0125.csv
2025-04-18 21:59:17,410 | INFO | Processing file: DanskeFreedom-0225.csv
2025-04-18 21:59:17,411 | INFO | Loaded 34 rows from DanskeFreedom-0225.csv
2025-04-18 21:59:17,411 | INFO | Processing file: DanskeFreedom-0325.csv
2025-04-18 21:59:17,412 | INFO | Loaded 38 rows from DanskeFreedom-0325.csv
2025-04-18 21:59:17,412 | INFO | Processing file: DanskeFreedom-0824.csv
2025-04-18 21:59:17,413 | INFO | Loaded 37 rows from DanskeFreedom-0824.csv
2025-04-18 21:59:17,414 | INFO | All files successfully combined.
2025-04-18 21:59:17,418 | INFO | Data cleaned. Remaining rows: 106
2025-04-18 21:59:17,418 | INFO | Filtered to 101 spending transactions.
2025-04-18 21:59:17,418 | INFO | Filtered to 5 earning transactions.
2025-04-18 21:59:17,913 | INFO | Processing file: DanskeFreedom-0125.csv
2025-04-18 21:59:17,915 | INFO | Loaded 34 rows from DanskeFreedom-0125.csv
2025-04-18 21:59:17,915 | INFO | Processing file: DanskeFreedom-0225.csv
2025-04-18 21:59:17,938 | INFO | Loaded 34 rows from DanskeFreedom-0225.csv
2025-04-18 21:59:17,938 | INFO | Processing file: DanskeFreedom-0325.csv
2025-04-18 21:59:17,952 | INFO | Loaded 38 rows from DanskeFreedom-0325.csv
2025-04-18 21:59:17,953 | INFO | All files successfully combined.
2025-04-18 21:59:17,974 | INFO | Data cleaned. Remaining rows: 106
2025-04-18 21:59:17,975 | INFO | Filtered to 101 spending transactions.
2025-04-18 21:59:17,975 | INFO | Filtered to 5 earning transactions.
2025-04-18 21:59:18,262 | INFO | 0     2025-03-31
1     2025-03-31
2     2025-03-31
3     2025-03-31
4     2025-03-29
         ...    
101   2025-01-03
102   2025-01-03
103   2025-01-03
104   2025-01-03
105   2025-01-01
Name: Date, Length: 106, dtype: datetime64[ns], 0     2025-03-31
1     2025-03-31
2     2025-03-31
3     2025-03-31
4     2025-03-29
         ...    
101   2025-01-03
102   2025-01-03
103   2025-01-03
104   2025-01-03
105   2025-01-01
Name: Date, Length: 106, dtype: datetime64[ns]
2025-04-18 21:59:18,351 | INFO | Processing file: DanskeFreedom-0125.csv
2025-04-18 21:59:18,353 | INFO | Loaded 34 rows from DanskeFreedom-0125.csv
2025-04-18 21:59:18,353 | INFO | Processing file: DanskeFreedom-0225.csv
2025-04-18 21:59:18,354 | INFO | Loaded 34 rows from DanskeFreedom-0225.csv
2025-04-18 21:59:18,355 | INFO | All files successfully combined.
2025-04-18 21:59:18,359 | INFO | Data cleaned. Remaining rows: 68
2025-04-18 21:59:18,359 | INFO | Filtered to 65 spending transactions.
2025-04-18 21:59:18,360 | INFO | Filtered to 3 earning transactions.
2025-04-18 21:59:18,810 | INFO | Processing file: DanskeFreedom-0125.csv
2025-04-18 21:59:18,812 | INFO | Loaded 34 rows from DanskeFreedom-0125.csv
2025-04-18 21:59:18,812 | INFO | All files successfully combined.
2025-04-18 21:59:18,816 | INFO | Data cleaned. Remaining rows: 34
2025-04-18 21:59:18,817 | INFO | Filtered to 33 spending transactions.
2025-04-18 21:59:18,817 | INFO | Filtered to 1 earning transactions.
2025-04-18 21:59:19,049 | INFO | 0    2025-02-28
1    2025-02-27
2    2025-02-24
3    2025-02-24
4    2025-02-24
        ...    
63   2025-01-03
64   2025-01-03
65   2025-01-03
66   2025-01-03
67   2025-01-01
Name: Date, Length: 68, dtype: datetime64[ns], 0    2025-02-28
1    2025-02-27
2    2025-02-24
3    2025-02-24
4    2025-02-24
        ...    
63   2025-01-03
64   2025-01-03
65   2025-01-03
66   2025-01-03
67   2025-01-01
Name: Date, Length: 68, dtype: datetime64[ns]
2025-04-18 21:59:19,461 | INFO | 0    2025-01-31
1    2025-01-31
2    2025-01-30
3    2025-01-29
4    2025-01-27
5    2025-01-27
6    2025-01-24
7    2025-01-24
8    2025-01-23
9    2025-01-22
10   2025-01-21
11   2025-01-20
12   2025-01-20
13   2025-01-20
14   2025-01-20
15   2025-01-16
16   2025-01-15
17   2025-01-14
18   2025-01-13
19   2025-01-10
20   2025-01-10
21   2025-01-10
22   2025-01-09
23   2025-01-08
24   2025-01-07
25   2025-01-06
26   2025-01-06
27   2025-01-06
28   2025-01-06
29   2025-01-03
30   2025-01-03
31   2025-01-03
32   2025-01-03
33   2025-01-01
Name: Date, dtype: datetime64[ns], 0    2025-01-31
1    2025-01-31
2    2025-01-30
3    2025-01-29
4    2025-01-27
5    2025-01-27
6    2025-01-24
7    2025-01-24
8    2025-01-23
9    2025-01-22
10   2025-01-21
11   2025-01-20
12   2025-01-20
13   2025-01-20
14   2025-01-20
15   2025-01-16
16   2025-01-15
17   2025-01-14
18   2025-01-13
19   2025-01-10
20   2025-01-10
21   2025-01-10
22   2025-01-09
23   2025-01-08
24   2025-01-07
25   2025-01-06
26   2025-01-06
27   2025-01-06
28   2025-01-06
29   2025-01-03
30   2025-01-03
31   2025-01-03
32   2025-01-03
33   2025-01-01
Name: Date, dtype: datetime64[ns]
2025-04-18 21:59:19,545 | INFO | Filtered to 33 spending transactions.
2025-04-18 21:59:19,546 | INFO | Filtered to 1 earning transactions.
2025-04-18 21:59:19,973 | INFO | 0    2025-01-31
1    2025-01-31
2    2025-01-30
3    2025-01-29
4    2025-01-27
5    2025-01-27
6    2025-01-24
7    2025-01-24
8    2025-01-23
9    2025-01-22
10   2025-01-21
11   2025-01-20
12   2025-01-20
13   2025-01-20
14   2025-01-20
15   2025-01-16
16   2025-01-15
17   2025-01-14
18   2025-01-13
19   2025-01-10
20   2025-01-10
21   2025-01-10
22   2025-01-09
23   2025-01-08
24   2025-01-07
25   2025-01-06
26   2025-01-06
27   2025-01-06
28   2025-01-06
29   2025-01-03
30   2025-01-03
31   2025-01-03
32   2025-01-03
33   2025-01-01
Name: Date, dtype: datetime64[ns], 0    2025-01-31
1    2025-01-31
2    2025-01-30
3    2025-01-29
4    2025-01-27
5    2025-01-27
6    2025-01-24
7    2025-01-24
8    2025-01-23
9    2025-01-22
10   2025-01-21
11   2025-01-20
12   2025-01-20
13   2025-01-20
14   2025-01-20
15   2025-01-16
16   2025-01-15
17   2025-01-14
18   2025-01-13
19   2025-01-10
20   2025-01-10
21   2025-01-10
22   2025-01-09
23   2025-01-08
24   2025-01-07
25   2025-01-06
26   2025-01-06
27   2025-01-06
28   2025-01-06
29   2025-01-03
30   2025-01-03
31   2025-01-03
32   2025-01-03
33   2025-01-01
Name: Date, dtype: datetime64[ns]
2025-04-18 21:59:20,086 | INFO | Report successfully generated.
2025-04-18 21:59:54,986 | INFO | Processing file: DanskeFreedom-0125.csv
2025-04-18 21:59:54,989 | INFO | Loaded 34 rows from DanskeFreedom-0125.csv
2025-04-18 21:59:54,990 | INFO | Processing file: DanskeFreedom-0225.csv
2025-04-18 21:59:54,991 | INFO | Loaded 34 rows from DanskeFreedom-0225.csv
2025-04-18 21:59:54,992 | INFO | Processing file: DanskeFreedom-0325.csv
2025-04-18 21:59:54,993 | INFO | Loaded 38 rows from DanskeFreedom-0325.csv
2025-04-18 21:59:54,993 | INFO | Processing file: DanskeFreedom-0824.csv
2025-04-18 21:59:54,994 | INFO | Loaded 37 rows from DanskeFreedom-0824.csv
2025-04-18 21:59:54,994 | INFO | Processing file: DanskeFreedom-0924.csv
2025-04-18 21:59:54,995 | INFO | Loaded 35 rows from DanskeFreedom-0924.csv
2025-04-18 21:59:54,995 | INFO | Processing file: DanskeFreedom-1024.csv
2025-04-18 21:59:54,996 | INFO | Loaded 35 rows from DanskeFreedom-1024.csv
2025-04-18 21:59:54,996 | INFO | Processing file: DanskeFreedom-1124.csv
2025-04-18 21:59:54,997 | INFO | Loaded 45 rows from DanskeFreedom-1124.csv
2025-04-18 21:59:54,998 | INFO | Processing file: DanskeFreedom-1224.csv
2025-04-18 21:59:54,998 | INFO | Loaded 28 rows from DanskeFreedom-1224.csv
2025-04-18 21:59:54,999 | INFO | All files successfully combined.
2025-04-18 21:59:55,008 | INFO | Data cleaned. Remaining rows: 249
2025-04-18 21:59:55,009 | INFO | Filtered to 236 spending transactions.
2025-04-18 21:59:55,010 | INFO | Filtered to 13 earning transactions.
2025-04-18 21:59:56,264 | INFO | 0     2025-03-31
1     2025-03-31
2     2025-03-31
3     2025-03-31
4     2025-03-29
         ...    
244   2024-09-02
245   2024-09-02
246   2024-09-02
247   2024-09-02
248   2024-09-02
Name: Date, Length: 249, dtype: datetime64[ns], 0     2025-03-31
1     2025-03-31
2     2025-03-31
3     2025-03-31
4     2025-03-29
         ...    
244   2024-09-02
245   2024-09-02
246   2024-09-02
247   2024-09-02
248   2024-09-02
Name: Date, Length: 249, dtype: datetime64[ns]
2025-04-18 21:59:56,371 | INFO | Report successfully generated.
2025-04-18 21:59:58,036 | INFO | Processing file: DanskeFreedom-0125.csv
2025-04-18 21:59:58,037 | INFO | Loaded 34 rows from DanskeFreedom-0125.csv
2025-04-18 21:59:58,037 | INFO | Processing file: DanskeFreedom-0225.csv
2025-04-18 21:59:58,038 | INFO | Loaded 34 rows from DanskeFreedom-0225.csv
2025-04-18 21:59:58,039 | INFO | Processing file: DanskeFreedom-0325.csv
2025-04-18 21:59:58,040 | INFO | Loaded 38 rows from DanskeFreedom-0325.csv
2025-04-18 21:59:58,040 | INFO | Processing file: DanskeFreedom-0824.csv
2025-04-18 21:59:58,041 | INFO | Loaded 37 rows from DanskeFreedom-0824.csv
2025-04-18 21:59:58,041 | INFO | Processing file: DanskeFreedom-0924.csv
2025-04-18 21:59:58,042 | INFO | Loaded 35 rows from DanskeFreedom-0924.csv
2025-04-18 21:59:58,042 | INFO | Processing file: DanskeFreedom-1024.csv
2025-04-18 21:59:58,043 | INFO | Loaded 35 rows from DanskeFreedom-1024.csv
2025-04-18 21:59:58,044 | INFO | Processing file: DanskeFreedom-1124.csv
2025-04-18 21:59:58,045 | INFO | Loaded 45 rows from DanskeFreedom-1124.csv
2025-04-18 21:59:58,045 | INFO | All files successfully combined.
2025-04-18 21:59:58,051 | INFO | Data cleaned. Remaining rows: 221
2025-04-18 21:59:58,052 | INFO | Filtered to 210 spending transactions.
2025-04-18 21:59:58,052 | INFO | Filtered to 11 earning transactions.
2025-04-18 21:59:58,399 | INFO | Processing file: DanskeFreedom-0125.csv
2025-04-18 21:59:58,400 | INFO | Loaded 34 rows from DanskeFreedom-0125.csv
2025-04-18 21:59:58,400 | INFO | Processing file: DanskeFreedom-0225.csv
2025-04-18 21:59:58,402 | INFO | Loaded 34 rows from DanskeFreedom-0225.csv
2025-04-18 21:59:58,402 | INFO | Processing file: DanskeFreedom-0325.csv
2025-04-18 21:59:58,403 | INFO | Loaded 38 rows from DanskeFreedom-0325.csv
2025-04-18 21:59:58,404 | INFO | Processing file: DanskeFreedom-0824.csv
2025-04-18 21:59:58,405 | INFO | Loaded 37 rows from DanskeFreedom-0824.csv
2025-04-18 21:59:58,406 | INFO | Processing file: DanskeFreedom-0924.csv
2025-04-18 21:59:58,407 | INFO | Loaded 35 rows from DanskeFreedom-0924.csv
2025-04-18 21:59:58,407 | INFO | Processing file: DanskeFreedom-1024.csv
2025-04-18 21:59:58,417 | INFO | Loaded 35 rows from DanskeFreedom-1024.csv
2025-04-18 21:59:58,418 | INFO | All files successfully combined.
2025-04-18 21:59:58,449 | INFO | Data cleaned. Remaining rows: 176
2025-04-18 21:59:58,450 | INFO | Filtered to 167 spending transactions.
2025-04-18 21:59:58,450 | INFO | Filtered to 9 earning transactions.
2025-04-18 21:59:58,754 | INFO | Processing file: DanskeFreedom-0125.csv
2025-04-18 21:59:58,756 | INFO | Loaded 34 rows from DanskeFreedom-0125.csv
2025-04-18 21:59:58,756 | INFO | Processing file: DanskeFreedom-0225.csv
2025-04-18 21:59:58,757 | INFO | Loaded 34 rows from DanskeFreedom-0225.csv
2025-04-18 21:59:58,758 | INFO | Processing file: DanskeFreedom-0325.csv
2025-04-18 21:59:58,759 | INFO | Loaded 38 rows from DanskeFreedom-0325.csv
2025-04-18 21:59:58,760 | INFO | Processing file: DanskeFreedom-0824.csv
2025-04-18 21:59:58,762 | INFO | Loaded 37 rows from DanskeFreedom-0824.csv
2025-04-18 21:59:58,762 | INFO | Processing file: DanskeFreedom-0924.csv
2025-04-18 21:59:58,763 | INFO | Loaded 35 rows from DanskeFreedom-0924.csv
2025-04-18 21:59:58,764 | INFO | All files successfully combined.
2025-04-18 21:59:58,768 | INFO | Data cleaned. Remaining rows: 141
2025-04-18 21:59:58,769 | INFO | Filtered to 133 spending transactions.
2025-04-18 21:59:58,770 | INFO | Filtered to 8 earning transactions.
2025-04-18 21:59:59,192 | INFO | Processing file: DanskeFreedom-0125.csv
2025-04-18 21:59:59,194 | INFO | Loaded 34 rows from DanskeFreedom-0125.csv
2025-04-18 21:59:59,194 | INFO | Processing file: DanskeFreedom-0225.csv
2025-04-18 21:59:59,196 | INFO | Loaded 34 rows from DanskeFreedom-0225.csv
2025-04-18 21:59:59,196 | INFO | Processing file: DanskeFreedom-0325.csv
2025-04-18 21:59:59,197 | INFO | Loaded 38 rows from DanskeFreedom-0325.csv
2025-04-18 21:59:59,198 | INFO | Processing file: DanskeFreedom-0824.csv
2025-04-18 21:59:59,199 | INFO | Loaded 37 rows from DanskeFreedom-0824.csv
2025-04-18 21:59:59,200 | INFO | All files successfully combined.
2025-04-18 21:59:59,204 | INFO | Data cleaned. Remaining rows: 106
2025-04-18 21:59:59,205 | INFO | Filtered to 101 spending transactions.
2025-04-18 21:59:59,205 | INFO | Filtered to 5 earning transactions.
2025-04-18 21:59:59,341 | INFO | 0     2025-03-31
1     2025-03-31
2     2025-03-31
3     2025-03-31
4     2025-03-29
         ...    
216   2024-09-02
217   2024-09-02
218   2024-09-02
219   2024-09-02
220   2024-09-02
Name: Date, Length: 221, dtype: datetime64[ns], 0     2025-03-31
1     2025-03-31
2     2025-03-31
3     2025-03-31
4     2025-03-29
         ...    
216   2024-09-02
217   2024-09-02
218   2024-09-02
219   2024-09-02
220   2024-09-02
Name: Date, Length: 221, dtype: datetime64[ns]
2025-04-18 21:59:59,616 | INFO | Processing file: DanskeFreedom-0125.csv
2025-04-18 21:59:59,667 | INFO | Loaded 34 rows from DanskeFreedom-0125.csv
2025-04-18 21:59:59,668 | INFO | Processing file: DanskeFreedom-0225.csv
2025-04-18 21:59:59,672 | INFO | Loaded 34 rows from DanskeFreedom-0225.csv
2025-04-18 21:59:59,673 | INFO | Processing file: DanskeFreedom-0325.csv
2025-04-18 21:59:59,675 | INFO | Loaded 38 rows from DanskeFreedom-0325.csv
2025-04-18 21:59:59,675 | INFO | All files successfully combined.
2025-04-18 21:59:59,679 | INFO | Data cleaned. Remaining rows: 106
2025-04-18 21:59:59,680 | INFO | Filtered to 101 spending transactions.
2025-04-18 21:59:59,680 | INFO | Filtered to 5 earning transactions.
2025-04-18 22:00:00,038 | INFO | Processing file: DanskeFreedom-0125.csv
2025-04-18 22:00:00,039 | INFO | Loaded 34 rows from DanskeFreedom-0125.csv
2025-04-18 22:00:00,039 | INFO | Processing file: DanskeFreedom-0225.csv
2025-04-18 22:00:00,040 | INFO | Loaded 34 rows from DanskeFreedom-0225.csv
2025-04-18 22:00:00,041 | INFO | All files successfully combined.
2025-04-18 22:00:00,044 | INFO | Data cleaned. Remaining rows: 68
2025-04-18 22:00:00,045 | INFO | Filtered to 65 spending transactions.
2025-04-18 22:00:00,045 | INFO | Filtered to 3 earning transactions.
2025-04-18 22:00:00,515 | INFO | Processing file: DanskeFreedom-0125.csv
2025-04-18 22:00:00,518 | INFO | Loaded 34 rows from DanskeFreedom-0125.csv
2025-04-18 22:00:00,519 | INFO | All files successfully combined.
2025-04-18 22:00:00,523 | INFO | Data cleaned. Remaining rows: 34
2025-04-18 22:00:00,524 | INFO | Filtered to 33 spending transactions.
2025-04-18 22:00:00,524 | INFO | Filtered to 1 earning transactions.
2025-04-18 22:00:00,663 | INFO | 0    2025-02-28
1    2025-02-27
2    2025-02-24
3    2025-02-24
4    2025-02-24
        ...    
63   2025-01-03
64   2025-01-03
65   2025-01-03
66   2025-01-03
67   2025-01-01
Name: Date, Length: 68, dtype: datetime64[ns], 0    2025-02-28
1    2025-02-27
2    2025-02-24
3    2025-02-24
4    2025-02-24
        ...    
63   2025-01-03
64   2025-01-03
65   2025-01-03
66   2025-01-03
67   2025-01-01
Name: Date, Length: 68, dtype: datetime64[ns]
2025-04-18 22:00:00,897 | INFO | Filtered to 33 spending transactions.
2025-04-18 22:00:00,897 | INFO | Filtered to 1 earning transactions.
2025-04-18 22:00:01,338 | INFO | 0    2025-01-31
1    2025-01-31
2    2025-01-30
3    2025-01-29
4    2025-01-27
5    2025-01-27
6    2025-01-24
7    2025-01-24
8    2025-01-23
9    2025-01-22
10   2025-01-21
11   2025-01-20
12   2025-01-20
13   2025-01-20
14   2025-01-20
15   2025-01-16
16   2025-01-15
17   2025-01-14
18   2025-01-13
19   2025-01-10
20   2025-01-10
21   2025-01-10
22   2025-01-09
23   2025-01-08
24   2025-01-07
25   2025-01-06
26   2025-01-06
27   2025-01-06
28   2025-01-06
29   2025-01-03
30   2025-01-03
31   2025-01-03
32   2025-01-03
33   2025-01-01
Name: Date, dtype: datetime64[ns], 0    2025-01-31
1    2025-01-31
2    2025-01-30
3    2025-01-29
4    2025-01-27
5    2025-01-27
6    2025-01-24
7    2025-01-24
8    2025-01-23
9    2025-01-22
10   2025-01-21
11   2025-01-20
12   2025-01-20
13   2025-01-20
14   2025-01-20
15   2025-01-16
16   2025-01-15
17   2025-01-14
18   2025-01-13
19   2025-01-10
20   2025-01-10
21   2025-01-10
22   2025-01-09
23   2025-01-08
24   2025-01-07
25   2025-01-06
26   2025-01-06
27   2025-01-06
28   2025-01-06
29   2025-01-03
30   2025-01-03
31   2025-01-03
32   2025-01-03
33   2025-01-01
Name: Date, dtype: datetime64[ns]
2025-04-18 22:00:01,456 | INFO | Report successfully generated.
2025-04-18 22:00:11,353 | INFO | Processing file: DanskeFreedom-0125.csv
2025-04-18 22:00:11,355 | INFO | Loaded 34 rows from DanskeFreedom-0125.csv
2025-04-18 22:00:11,355 | INFO | All files successfully combined.
2025-04-18 22:00:11,359 | INFO | Data cleaned. Remaining rows: 34
2025-04-18 22:00:11,359 | INFO | Filtered to 33 spending transactions.
2025-04-18 22:00:11,360 | INFO | Filtered to 1 earning transactions.
2025-04-18 22:00:11,755 | INFO | 0    2025-01-31
1    2025-01-31
2    2025-01-30
3    2025-01-29
4    2025-01-27
5    2025-01-27
6    2025-01-24
7    2025-01-24
8    2025-01-23
9    2025-01-22
10   2025-01-21
11   2025-01-20
12   2025-01-20
13   2025-01-20
14   2025-01-20
15   2025-01-16
16   2025-01-15
17   2025-01-14
18   2025-01-13
19   2025-01-10
20   2025-01-10
21   2025-01-10
22   2025-01-09
23   2025-01-08
24   2025-01-07
25   2025-01-06
26   2025-01-06
27   2025-01-06
28   2025-01-06
29   2025-01-03
30   2025-01-03
31   2025-01-03
32   2025-01-03
33   2025-01-01
Name: Date, dtype: datetime64[ns], 0    2025-01-31
1    2025-01-31
2    2025-01-30
3    2025-01-29
4    2025-01-27
5    2025-01-27
6    2025-01-24
7    2025-01-24
8    2025-01-23
9    2025-01-22
10   2025-01-21
11   2025-01-20
12   2025-01-20
13   2025-01-20
14   2025-01-20
15   2025-01-16
16   2025-01-15
17   2025-01-14
18   2025-01-13
19   2025-01-10
20   2025-01-10
21   2025-01-10
22   2025-01-09
23   2025-01-08
24   2025-01-07
25   2025-01-06
26   2025-01-06
27   2025-01-06
28   2025-01-06
29   2025-01-03
30   2025-01-03
31   2025-01-03
32   2025-01-03
33   2025-01-01
Name: Date, dtype: datetime64[ns]
2025-04-18 22:00:11,870 | INFO | Report successfully generated.
2025-04-18 22:00:13,324 | INFO | Filtered to 33 spending transactions.
2025-04-18 22:00:13,324 | INFO | Filtered to 1 earning transactions.
2025-04-18 22:00:13,703 | INFO | 0    2025-01-31
1    2025-01-31
2    2025-01-30
3    2025-01-29
4    2025-01-27
5    2025-01-27
6    2025-01-24
7    2025-01-24
8    2025-01-23
9    2025-01-22
10   2025-01-21
11   2025-01-20
12   2025-01-20
13   2025-01-20
14   2025-01-20
15   2025-01-16
16   2025-01-15
17   2025-01-14
18   2025-01-13
19   2025-01-10
20   2025-01-10
21   2025-01-10
22   2025-01-09
23   2025-01-08
24   2025-01-07
25   2025-01-06
26   2025-01-06
27   2025-01-06
28   2025-01-06
29   2025-01-03
30   2025-01-03
31   2025-01-03
32   2025-01-03
33   2025-01-01
Name: Date, dtype: datetime64[ns], 0    2025-01-31
1    2025-01-31
2    2025-01-30
3    2025-01-29
4    2025-01-27
5    2025-01-27
6    2025-01-24
7    2025-01-24
8    2025-01-23
9    2025-01-22
10   2025-01-21
11   2025-01-20
12   2025-01-20
13   2025-01-20
14   2025-01-20
15   2025-01-16
16   2025-01-15
17   2025-01-14
18   2025-01-13
19   2025-01-10
20   2025-01-10
21   2025-01-10
22   2025-01-09
23   2025-01-08
24   2025-01-07
25   2025-01-06
26   2025-01-06
27   2025-01-06
28   2025-01-06
29   2025-01-03
30   2025-01-03
31   2025-01-03
32   2025-01-03
33   2025-01-01
Name: Date, dtype: datetime64[ns]
2025-04-18 22:00:13,817 | INFO | Report successfully generated.
2025-04-18 22:00:18,380 | INFO | Processing file: DanskeFreedom-0125.csv
2025-04-18 22:00:18,381 | INFO | Loaded 34 rows from DanskeFreedom-0125.csv
2025-04-18 22:00:18,382 | INFO | All files successfully combined.
2025-04-18 22:00:18,384 | INFO | Data cleaned. Remaining rows: 34
2025-04-18 22:00:18,385 | INFO | Filtered to 33 spending transactions.
2025-04-18 22:00:18,385 | INFO | Filtered to 1 earning transactions.
2025-04-18 22:00:18,767 | INFO | 0    2025-01-31
1    2025-01-31
2    2025-01-30
3    2025-01-29
4    2025-01-27
5    2025-01-27
6    2025-01-24
7    2025-01-24
8    2025-01-23
9    2025-01-22
10   2025-01-21
11   2025-01-20
12   2025-01-20
13   2025-01-20
14   2025-01-20
15   2025-01-16
16   2025-01-15
17   2025-01-14
18   2025-01-13
19   2025-01-10
20   2025-01-10
21   2025-01-10
22   2025-01-09
23   2025-01-08
24   2025-01-07
25   2025-01-06
26   2025-01-06
27   2025-01-06
28   2025-01-06
29   2025-01-03
30   2025-01-03
31   2025-01-03
32   2025-01-03
33   2025-01-01
Name: Date, dtype: datetime64[ns], 0    2025-01-31
1    2025-01-31
2    2025-01-30
3    2025-01-29
4    2025-01-27
5    2025-01-27
6    2025-01-24
7    2025-01-24
8    2025-01-23
9    2025-01-22
10   2025-01-21
11   2025-01-20
12   2025-01-20
13   2025-01-20
14   2025-01-20
15   2025-01-16
16   2025-01-15
17   2025-01-14
18   2025-01-13
19   2025-01-10
20   2025-01-10
21   2025-01-10
22   2025-01-09
23   2025-01-08
24   2025-01-07
25   2025-01-06
26   2025-01-06
27   2025-01-06
28   2025-01-06
29   2025-01-03
30   2025-01-03
31   2025-01-03
32   2025-01-03
33   2025-01-01
Name: Date, dtype: datetime64[ns]
2025-04-18 22:00:18,881 | INFO | Report successfully generated.
2025-04-18 22:00:34,202 | INFO | Filtered to 33 spending transactions.
2025-04-18 22:00:34,202 | INFO | Filtered to 1 earning transactions.
2025-04-18 22:00:34,588 | INFO | 0    2025-01-31
1    2025-01-31
2    2025-01-30
3    2025-01-29
4    2025-01-27
5    2025-01-27
6    2025-01-24
7    2025-01-24
8    2025-01-23
9    2025-01-22
10   2025-01-21
11   2025-01-20
12   2025-01-20
13   2025-01-20
14   2025-01-20
15   2025-01-16
16   2025-01-15
17   2025-01-14
18   2025-01-13
19   2025-01-10
20   2025-01-10
21   2025-01-10
22   2025-01-09
23   2025-01-08
24   2025-01-07
25   2025-01-06
26   2025-01-06
27   2025-01-06
28   2025-01-06
29   2025-01-03
30   2025-01-03
31   2025-01-03
32   2025-01-03
33   2025-01-01
Name: Date, dtype: datetime64[ns], 0    2025-01-31
1    2025-01-31
2    2025-01-30
3    2025-01-29
4    2025-01-27
5    2025-01-27
6    2025-01-24
7    2025-01-24
8    2025-01-23
9    2025-01-22
10   2025-01-21
11   2025-01-20
12   2025-01-20
13   2025-01-20
14   2025-01-20
15   2025-01-16
16   2025-01-15
17   2025-01-14
18   2025-01-13
19   2025-01-10
20   2025-01-10
21   2025-01-10
22   2025-01-09
23   2025-01-08
24   2025-01-07
25   2025-01-06
26   2025-01-06
27   2025-01-06
28   2025-01-06
29   2025-01-03
30   2025-01-03
31   2025-01-03
32   2025-01-03
33   2025-01-01
Name: Date, dtype: datetime64[ns]
2025-04-18 22:00:34,703 | INFO | Report successfully generated.
2025-04-18 22:06:35,714 | INFO | Processing file: DanskeFreedom-0125.csv
2025-04-18 22:06:35,718 | INFO | Loaded 34 rows from DanskeFreedom-0125.csv
2025-04-18 22:06:35,719 | INFO | All files successfully combined.
2025-04-18 22:06:35,724 | INFO | Data cleaned. Remaining rows: 34
2025-04-18 22:06:35,724 | INFO | Filtered to 33 spending transactions.
2025-04-18 22:06:35,725 | INFO | Filtered to 1 earning transactions.
2025-04-18 22:06:36,204 | INFO | 0    2025-01-31
1    2025-01-31
2    2025-01-30
3    2025-01-29
4    2025-01-27
5    2025-01-27
6    2025-01-24
7    2025-01-24
8    2025-01-23
9    2025-01-22
10   2025-01-21
11   2025-01-20
12   2025-01-20
13   2025-01-20
14   2025-01-20
15   2025-01-16
16   2025-01-15
17   2025-01-14
18   2025-01-13
19   2025-01-10
20   2025-01-10
21   2025-01-10
22   2025-01-09
23   2025-01-08
24   2025-01-07
25   2025-01-06
26   2025-01-06
27   2025-01-06
28   2025-01-06
29   2025-01-03
30   2025-01-03
31   2025-01-03
32   2025-01-03
33   2025-01-01
Name: Date, dtype: datetime64[ns], 0    2025-01-31
1    2025-01-31
2    2025-01-30
3    2025-01-29
4    2025-01-27
5    2025-01-27
6    2025-01-24
7    2025-01-24
8    2025-01-23
9    2025-01-22
10   2025-01-21
11   2025-01-20
12   2025-01-20
13   2025-01-20
14   2025-01-20
15   2025-01-16
16   2025-01-15
17   2025-01-14
18   2025-01-13
19   2025-01-10
20   2025-01-10
21   2025-01-10
22   2025-01-09
23   2025-01-08
24   2025-01-07
25   2025-01-06
26   2025-01-06
27   2025-01-06
28   2025-01-06
29   2025-01-03
30   2025-01-03
31   2025-01-03
32   2025-01-03
33   2025-01-01
Name: Date, dtype: datetime64[ns]
2025-04-18 22:06:36,322 | INFO | Report successfully generated.
2025-04-18 22:07:57,787 | INFO | Filtered to 33 spending transactions.
2025-04-18 22:07:57,787 | INFO | Filtered to 1 earning transactions.
2025-04-18 22:07:58,187 | INFO | 0    2025-01-31
1    2025-01-31
2    2025-01-30
3    2025-01-29
4    2025-01-27
5    2025-01-27
6    2025-01-24
7    2025-01-24
8    2025-01-23
9    2025-01-22
10   2025-01-21
11   2025-01-20
12   2025-01-20
13   2025-01-20
14   2025-01-20
15   2025-01-16
16   2025-01-15
17   2025-01-14
18   2025-01-13
19   2025-01-10
20   2025-01-10
21   2025-01-10
22   2025-01-09
23   2025-01-08
24   2025-01-07
25   2025-01-06
26   2025-01-06
27   2025-01-06
28   2025-01-06
29   2025-01-03
30   2025-01-03
31   2025-01-03
32   2025-01-03
33   2025-01-01
Name: Date, dtype: datetime64[ns], 0    2025-01-31
1    2025-01-31
2    2025-01-30
3    2025-01-29
4    2025-01-27
5    2025-01-27
6    2025-01-24
7    2025-01-24
8    2025-01-23
9    2025-01-22
10   2025-01-21
11   2025-01-20
12   2025-01-20
13   2025-01-20
14   2025-01-20
15   2025-01-16
16   2025-01-15
17   2025-01-14
18   2025-01-13
19   2025-01-10
20   2025-01-10
21   2025-01-10
22   2025-01-09
23   2025-01-08
24   2025-01-07
25   2025-01-06
26   2025-01-06
27   2025-01-06
28   2025-01-06
29   2025-01-03
30   2025-01-03
31   2025-01-03
32   2025-01-03
33   2025-01-01
Name: Date, dtype: datetime64[ns]
2025-04-18 22:07:58,306 | INFO | Report successfully generated.
2025-04-18 22:08:27,116 | INFO | Filtered to 33 spending transactions.
2025-04-18 22:08:27,117 | INFO | Filtered to 1 earning transactions.
2025-04-18 22:08:27,518 | INFO | 0    2025-01-31
1    2025-01-31
2    2025-01-30
3    2025-01-29
4    2025-01-27
5    2025-01-27
6    2025-01-24
7    2025-01-24
8    2025-01-23
9    2025-01-22
10   2025-01-21
11   2025-01-20
12   2025-01-20
13   2025-01-20
14   2025-01-20
15   2025-01-16
16   2025-01-15
17   2025-01-14
18   2025-01-13
19   2025-01-10
20   2025-01-10
21   2025-01-10
22   2025-01-09
23   2025-01-08
24   2025-01-07
25   2025-01-06
26   2025-01-06
27   2025-01-06
28   2025-01-06
29   2025-01-03
30   2025-01-03
31   2025-01-03
32   2025-01-03
33   2025-01-01
Name: Date, dtype: datetime64[ns], 0    2025-01-31
1    2025-01-31
2    2025-01-30
3    2025-01-29
4    2025-01-27
5    2025-01-27
6    2025-01-24
7    2025-01-24
8    2025-01-23
9    2025-01-22
10   2025-01-21
11   2025-01-20
12   2025-01-20
13   2025-01-20
14   2025-01-20
15   2025-01-16
16   2025-01-15
17   2025-01-14
18   2025-01-13
19   2025-01-10
20   2025-01-10
21   2025-01-10
22   2025-01-09
23   2025-01-08
24   2025-01-07
25   2025-01-06
26   2025-01-06
27   2025-01-06
28   2025-01-06
29   2025-01-03
30   2025-01-03
31   2025-01-03
32   2025-01-03
33   2025-01-01
Name: Date, dtype: datetime64[ns]
2025-04-18 22:08:27,639 | INFO | Report successfully generated.
2025-04-19 12:59:57,562 | INFO | Processing file: DanskeFreedom-0125.csv
2025-04-19 12:59:57,570 | INFO | Loaded 34 rows from DanskeFreedom-0125.csv
2025-04-19 12:59:57,574 | INFO | Processing file: DanskeFreedom-0225.csv
2025-04-19 12:59:57,575 | INFO | Loaded 34 rows from DanskeFreedom-0225.csv
2025-04-19 12:59:57,575 | INFO | Processing file: DanskeFreedom-0325.csv
2025-04-19 12:59:57,576 | INFO | Loaded 38 rows from DanskeFreedom-0325.csv
2025-04-19 12:59:57,577 | INFO | Processing file: DanskeFreedom-0824.csv
2025-04-19 12:59:57,578 | INFO | Loaded 37 rows from DanskeFreedom-0824.csv
2025-04-19 12:59:57,579 | INFO | Processing file: DanskeFreedom-0924.csv
2025-04-19 12:59:57,581 | INFO | Loaded 35 rows from DanskeFreedom-0924.csv
2025-04-19 12:59:57,581 | INFO | Processing file: DanskeFreedom-1024.csv
2025-04-19 12:59:57,584 | INFO | Loaded 35 rows from DanskeFreedom-1024.csv
2025-04-19 12:59:57,584 | INFO | Processing file: DanskeFreedom-1124.csv
2025-04-19 12:59:57,585 | INFO | Loaded 45 rows from DanskeFreedom-1124.csv
2025-04-19 12:59:57,585 | INFO | Processing file: DanskeFreedom-1224.csv
2025-04-19 12:59:57,587 | INFO | Loaded 28 rows from DanskeFreedom-1224.csv
2025-04-19 12:59:57,588 | INFO | All files successfully combined.
2025-04-19 12:59:57,607 | INFO | Data cleaned. Remaining rows: 249
2025-04-19 12:59:57,607 | INFO | Filtered to 236 spending transactions.
2025-04-19 12:59:57,608 | INFO | Filtered to 13 earning transactions.
2025-04-19 12:59:59,144 | INFO | 0     2025-03-31
1     2025-03-31
2     2025-03-31
3     2025-03-31
4     2025-03-29
         ...    
244   2024-09-02
245   2024-09-02
246   2024-09-02
247   2024-09-02
248   2024-09-02
Name: Date, Length: 249, dtype: datetime64[ns], 0     2025-03-31
1     2025-03-31
2     2025-03-31
3     2025-03-31
4     2025-03-29
         ...    
244   2024-09-02
245   2024-09-02
246   2024-09-02
247   2024-09-02
248   2024-09-02
Name: Date, Length: 249, dtype: datetime64[ns]
2025-04-19 12:59:59,254 | INFO | Report successfully generated.
2025-04-19 14:31:33,184 | INFO | Filtered to 0 spending transactions.
2025-04-19 14:31:33,185 | INFO | Filtered to 0 earning transactions.
2025-04-19 14:31:33,423 | ERROR | Error generating report: 'Source File'
Traceback (most recent call last):
  File "C:\Users\Calvin\Desktop\money_handling\spending_report\Home.py", line 119, in <module>
    df_sorted = df.sort_values(["Source File", "Date"])
  File "C:\Users\Calvin\Desktop\money_handling\venv\Lib\site-packages\pandas\core\frame.py", line 7172, in sort_values
    keys = [self._get_label_or_level_values(x, axis=axis) for x in by]
            ~~~~~~~~~~~~~~~~~~~~~~~~~~~~~~~^^^^^^^^^^^^^^
  File "C:\Users\Calvin\Desktop\money_handling\venv\Lib\site-packages\pandas\core\generic.py", line 1911, in _get_label_or_level_values
    raise KeyError(key)
KeyError: 'Source File'
2025-04-19 14:31:38,998 | INFO | Processing file: DanskeFreedom-0125.csv
2025-04-19 14:31:39,002 | INFO | Loaded 34 rows from DanskeFreedom-0125.csv
2025-04-19 14:31:39,002 | INFO | Processing file: DanskeFreedom-0225.csv
2025-04-19 14:31:39,003 | INFO | Loaded 34 rows from DanskeFreedom-0225.csv
2025-04-19 14:31:39,003 | INFO | Processing file: DanskeFreedom-0325.csv
2025-04-19 14:31:39,004 | INFO | Loaded 38 rows from DanskeFreedom-0325.csv
2025-04-19 14:31:39,004 | INFO | Processing file: DanskeFreedom-0824.csv
2025-04-19 14:31:39,005 | INFO | Loaded 37 rows from DanskeFreedom-0824.csv
2025-04-19 14:31:39,006 | INFO | Processing file: DanskeFreedom-0924.csv
2025-04-19 14:31:39,007 | INFO | Loaded 35 rows from DanskeFreedom-0924.csv
2025-04-19 14:31:39,007 | INFO | Processing file: DanskeFreedom-1024.csv
2025-04-19 14:31:39,008 | INFO | Loaded 35 rows from DanskeFreedom-1024.csv
2025-04-19 14:31:39,008 | INFO | Processing file: DanskeFreedom-1124.csv
2025-04-19 14:31:39,009 | INFO | Loaded 45 rows from DanskeFreedom-1124.csv
2025-04-19 14:31:39,009 | INFO | Processing file: DanskeFreedom-1224.csv
2025-04-19 14:31:39,010 | INFO | Loaded 28 rows from DanskeFreedom-1224.csv
2025-04-19 14:31:39,011 | INFO | All files successfully combined.
2025-04-19 14:31:39,017 | INFO | Data cleaned. Remaining rows: 249
2025-04-19 14:31:39,018 | INFO | Filtered to 236 spending transactions.
2025-04-19 14:31:39,018 | INFO | Filtered to 13 earning transactions.
2025-04-19 14:31:40,221 | INFO | 0     2025-03-31
1     2025-03-31
2     2025-03-31
3     2025-03-31
4     2025-03-29
         ...    
244   2024-09-02
245   2024-09-02
246   2024-09-02
247   2024-09-02
248   2024-09-02
Name: Date, Length: 249, dtype: datetime64[ns], 0     2025-03-31
1     2025-03-31
2     2025-03-31
3     2025-03-31
4     2025-03-29
         ...    
244   2024-09-02
245   2024-09-02
246   2024-09-02
247   2024-09-02
248   2024-09-02
Name: Date, Length: 249, dtype: datetime64[ns]
2025-04-19 14:31:40,328 | INFO | Report successfully generated.
2025-04-19 14:32:58,183 | INFO | Filtered to 236 spending transactions.
2025-04-19 14:32:58,183 | INFO | Filtered to 12 earning transactions.
2025-04-19 14:32:59,364 | INFO | 0     2025-03-31
1     2025-03-31
2     2025-03-31
3     2025-03-29
4     2025-03-28
         ...    
243   2024-09-02
244   2024-09-02
245   2024-09-02
246   2024-09-02
247   2024-09-02
Name: Date, Length: 248, dtype: datetime64[ns], 0     2025-03-31
1     2025-03-31
2     2025-03-31
3     2025-03-29
4     2025-03-28
         ...    
243   2024-09-02
244   2024-09-02
245   2024-09-02
246   2024-09-02
247   2024-09-02
Name: Date, Length: 248, dtype: datetime64[ns]
2025-04-19 14:32:59,470 | INFO | Report successfully generated.
2025-04-19 14:42:26,312 | INFO | Processing file: DanskeFreedom-0125.csv
2025-04-19 14:42:26,317 | INFO | Loaded 34 rows from DanskeFreedom-0125.csv
2025-04-19 14:42:26,318 | INFO | All files successfully combined.
2025-04-19 14:42:26,323 | INFO | Data cleaned. Remaining rows: 34
2025-04-19 14:42:26,324 | INFO | Filtered to 33 spending transactions.
2025-04-19 14:42:26,324 | INFO | Filtered to 1 earning transactions.
2025-04-19 14:42:26,812 | INFO | 0    2025-01-31
1    2025-01-31
2    2025-01-30
3    2025-01-29
4    2025-01-27
5    2025-01-27
6    2025-01-24
7    2025-01-24
8    2025-01-23
9    2025-01-22
10   2025-01-21
11   2025-01-20
12   2025-01-20
13   2025-01-20
14   2025-01-20
15   2025-01-16
16   2025-01-15
17   2025-01-14
18   2025-01-13
19   2025-01-10
20   2025-01-10
21   2025-01-10
22   2025-01-09
23   2025-01-08
24   2025-01-07
25   2025-01-06
26   2025-01-06
27   2025-01-06
28   2025-01-06
29   2025-01-03
30   2025-01-03
31   2025-01-03
32   2025-01-03
33   2025-01-01
Name: Date, dtype: datetime64[ns], 0    2025-01-31
1    2025-01-31
2    2025-01-30
3    2025-01-29
4    2025-01-27
5    2025-01-27
6    2025-01-24
7    2025-01-24
8    2025-01-23
9    2025-01-22
10   2025-01-21
11   2025-01-20
12   2025-01-20
13   2025-01-20
14   2025-01-20
15   2025-01-16
16   2025-01-15
17   2025-01-14
18   2025-01-13
19   2025-01-10
20   2025-01-10
21   2025-01-10
22   2025-01-09
23   2025-01-08
24   2025-01-07
25   2025-01-06
26   2025-01-06
27   2025-01-06
28   2025-01-06
29   2025-01-03
30   2025-01-03
31   2025-01-03
32   2025-01-03
33   2025-01-01
Name: Date, dtype: datetime64[ns]
2025-04-19 14:42:26,932 | INFO | Report successfully generated.
2025-04-19 14:43:10,689 | INFO | Filtered to 33 spending transactions.
2025-04-19 14:43:10,690 | INFO | Filtered to 1 earning transactions.
2025-04-19 14:43:11,093 | INFO | 0    2025-01-31
1    2025-01-31
2    2025-01-30
3    2025-01-29
4    2025-01-27
5    2025-01-27
6    2025-01-24
7    2025-01-24
8    2025-01-23
9    2025-01-22
10   2025-01-21
11   2025-01-20
12   2025-01-20
13   2025-01-20
14   2025-01-20
15   2025-01-16
16   2025-01-15
17   2025-01-14
18   2025-01-13
19   2025-01-10
20   2025-01-10
21   2025-01-10
22   2025-01-09
23   2025-01-08
24   2025-01-07
25   2025-01-06
26   2025-01-06
27   2025-01-06
28   2025-01-06
29   2025-01-03
30   2025-01-03
31   2025-01-03
32   2025-01-03
33   2025-01-01
Name: Date, dtype: datetime64[ns], 0    2025-01-31
1    2025-01-31
2    2025-01-30
3    2025-01-29
4    2025-01-27
5    2025-01-27
6    2025-01-24
7    2025-01-24
8    2025-01-23
9    2025-01-22
10   2025-01-21
11   2025-01-20
12   2025-01-20
13   2025-01-20
14   2025-01-20
15   2025-01-16
16   2025-01-15
17   2025-01-14
18   2025-01-13
19   2025-01-10
20   2025-01-10
21   2025-01-10
22   2025-01-09
23   2025-01-08
24   2025-01-07
25   2025-01-06
26   2025-01-06
27   2025-01-06
28   2025-01-06
29   2025-01-03
30   2025-01-03
31   2025-01-03
32   2025-01-03
33   2025-01-01
Name: Date, dtype: datetime64[ns]
2025-04-19 14:43:11,210 | INFO | Report successfully generated.
2025-04-19 14:43:26,216 | INFO | Processing file: DanskeFreedom-0125.csv
2025-04-19 14:43:26,219 | INFO | Loaded 34 rows from DanskeFreedom-0125.csv
2025-04-19 14:43:26,220 | INFO | All files successfully combined.
2025-04-19 14:43:26,225 | INFO | Data cleaned. Remaining rows: 34
2025-04-19 14:43:26,226 | INFO | Filtered to 33 spending transactions.
2025-04-19 14:43:26,226 | INFO | Filtered to 1 earning transactions.
2025-04-19 14:43:26,694 | INFO | 0    2025-01-31
1    2025-01-31
2    2025-01-30
3    2025-01-29
4    2025-01-27
5    2025-01-27
6    2025-01-24
7    2025-01-24
8    2025-01-23
9    2025-01-22
10   2025-01-21
11   2025-01-20
12   2025-01-20
13   2025-01-20
14   2025-01-20
15   2025-01-16
16   2025-01-15
17   2025-01-14
18   2025-01-13
19   2025-01-10
20   2025-01-10
21   2025-01-10
22   2025-01-09
23   2025-01-08
24   2025-01-07
25   2025-01-06
26   2025-01-06
27   2025-01-06
28   2025-01-06
29   2025-01-03
30   2025-01-03
31   2025-01-03
32   2025-01-03
33   2025-01-01
Name: Date, dtype: datetime64[ns], 0    2025-01-31
1    2025-01-31
2    2025-01-30
3    2025-01-29
4    2025-01-27
5    2025-01-27
6    2025-01-24
7    2025-01-24
8    2025-01-23
9    2025-01-22
10   2025-01-21
11   2025-01-20
12   2025-01-20
13   2025-01-20
14   2025-01-20
15   2025-01-16
16   2025-01-15
17   2025-01-14
18   2025-01-13
19   2025-01-10
20   2025-01-10
21   2025-01-10
22   2025-01-09
23   2025-01-08
24   2025-01-07
25   2025-01-06
26   2025-01-06
27   2025-01-06
28   2025-01-06
29   2025-01-03
30   2025-01-03
31   2025-01-03
32   2025-01-03
33   2025-01-01
Name: Date, dtype: datetime64[ns]
2025-04-19 14:43:26,812 | INFO | Report successfully generated.
2025-04-19 16:03:30,694 | INFO | Filtered to 33 spending transactions.
2025-04-19 16:03:30,694 | INFO | Filtered to 2 earning transactions.
2025-04-19 16:03:31,100 | INFO | 0    2025-01-31
1    2025-01-31
2    2025-01-31
3    2025-01-30
4    2025-01-29
5    2025-01-27
6    2025-01-27
7    2025-01-24
8    2025-01-24
9    2025-01-23
10   2025-01-22
11   2025-01-21
12   2025-01-20
13   2025-01-20
14   2025-01-20
15   2025-01-20
16   2025-01-16
17   2025-01-15
18   2025-01-14
19   2025-01-13
20   2025-01-10
21   2025-01-10
22   2025-01-10
23   2025-01-09
24   2025-01-08
25   2025-01-07
26   2025-01-06
27   2025-01-06
28   2025-01-06
29   2025-01-06
30   2025-01-03
31   2025-01-03
32   2025-01-03
33   2025-01-03
34   2025-01-01
Name: Date, dtype: datetime64[ns], 0    2025-01-31
1    2025-01-31
2    2025-01-31
3    2025-01-30
4    2025-01-29
5    2025-01-27
6    2025-01-27
7    2025-01-24
8    2025-01-24
9    2025-01-23
10   2025-01-22
11   2025-01-21
12   2025-01-20
13   2025-01-20
14   2025-01-20
15   2025-01-20
16   2025-01-16
17   2025-01-15
18   2025-01-14
19   2025-01-13
20   2025-01-10
21   2025-01-10
22   2025-01-10
23   2025-01-09
24   2025-01-08
25   2025-01-07
26   2025-01-06
27   2025-01-06
28   2025-01-06
29   2025-01-06
30   2025-01-03
31   2025-01-03
32   2025-01-03
33   2025-01-03
34   2025-01-01
Name: Date, dtype: datetime64[ns]
2025-04-19 16:03:31,219 | INFO | Report successfully generated.
2025-04-19 16:03:47,930 | INFO | Processing file: DanskeFreedom-0125.csv
2025-04-19 16:03:47,934 | INFO | Loaded 34 rows from DanskeFreedom-0125.csv
2025-04-19 16:03:47,935 | INFO | Processing file: DanskeFreedom-0225.csv
2025-04-19 16:03:47,936 | INFO | Loaded 34 rows from DanskeFreedom-0225.csv
2025-04-19 16:03:47,936 | INFO | Processing file: DanskeFreedom-0325.csv
2025-04-19 16:03:47,937 | INFO | Loaded 38 rows from DanskeFreedom-0325.csv
2025-04-19 16:03:47,937 | INFO | Processing file: DanskeFreedom-0824.csv
2025-04-19 16:03:47,938 | INFO | Loaded 37 rows from DanskeFreedom-0824.csv
2025-04-19 16:03:47,938 | INFO | Processing file: DanskeFreedom-0924.csv
2025-04-19 16:03:47,940 | INFO | Loaded 35 rows from DanskeFreedom-0924.csv
2025-04-19 16:03:47,940 | INFO | Processing file: DanskeFreedom-1024.csv
2025-04-19 16:03:47,941 | INFO | Loaded 35 rows from DanskeFreedom-1024.csv
2025-04-19 16:03:47,942 | INFO | Processing file: DanskeFreedom-1124.csv
2025-04-19 16:03:47,943 | INFO | Loaded 45 rows from DanskeFreedom-1124.csv
2025-04-19 16:03:47,943 | INFO | Processing file: DanskeFreedom-1224.csv
2025-04-19 16:03:47,944 | INFO | Loaded 28 rows from DanskeFreedom-1224.csv
2025-04-19 16:03:47,945 | INFO | All files successfully combined.
2025-04-19 16:03:47,951 | INFO | Data cleaned. Remaining rows: 249
2025-04-19 16:03:47,952 | INFO | Filtered to 236 spending transactions.
2025-04-19 16:03:47,952 | INFO | Filtered to 13 earning transactions.
2025-04-19 16:03:49,202 | INFO | 0     2025-03-31
1     2025-03-31
2     2025-03-31
3     2025-03-31
4     2025-03-29
         ...    
244   2024-09-02
245   2024-09-02
246   2024-09-02
247   2024-09-02
248   2024-09-02
Name: Date, Length: 249, dtype: datetime64[ns], 0     2025-03-31
1     2025-03-31
2     2025-03-31
3     2025-03-31
4     2025-03-29
         ...    
244   2024-09-02
245   2024-09-02
246   2024-09-02
247   2024-09-02
248   2024-09-02
Name: Date, Length: 249, dtype: datetime64[ns]
2025-04-19 16:03:49,309 | INFO | Report successfully generated.
2025-04-19 16:08:51,262 | INFO | Filtered to 235 spending transactions.
2025-04-19 16:08:51,262 | INFO | Filtered to 13 earning transactions.
2025-04-19 16:08:52,434 | INFO | 0     2025-03-31
1     2025-03-31
2     2025-03-31
3     2025-03-31
4     2025-03-29
         ...    
243   2024-09-02
244   2024-09-02
245   2024-09-02
246   2024-09-02
247   2024-09-02
Name: Date, Length: 248, dtype: datetime64[ns], 0     2025-03-31
1     2025-03-31
2     2025-03-31
3     2025-03-31
4     2025-03-29
         ...    
243   2024-09-02
244   2024-09-02
245   2024-09-02
246   2024-09-02
247   2024-09-02
Name: Date, Length: 248, dtype: datetime64[ns]
2025-04-19 16:08:52,543 | INFO | Report successfully generated.
2025-04-19 16:15:25,627 | INFO | Processing file: DanskeFreedom-0125.csv
2025-04-19 16:15:25,630 | INFO | Loaded 34 rows from DanskeFreedom-0125.csv
2025-04-19 16:15:25,631 | INFO | Processing file: DanskeFreedom-0225.csv
2025-04-19 16:15:25,632 | INFO | Loaded 34 rows from DanskeFreedom-0225.csv
2025-04-19 16:15:25,632 | INFO | Processing file: DanskeFreedom-0824.csv
2025-04-19 16:15:25,633 | INFO | Loaded 37 rows from DanskeFreedom-0824.csv
2025-04-19 16:15:25,633 | INFO | Processing file: DanskeFreedom-0924.csv
2025-04-19 16:15:25,634 | INFO | Loaded 35 rows from DanskeFreedom-0924.csv
2025-04-19 16:15:25,634 | INFO | Processing file: DanskeFreedom-1024.csv
2025-04-19 16:15:25,635 | INFO | Loaded 35 rows from DanskeFreedom-1024.csv
2025-04-19 16:15:25,636 | INFO | Processing file: DanskeFreedom-1124.csv
2025-04-19 16:15:25,637 | INFO | Loaded 45 rows from DanskeFreedom-1124.csv
2025-04-19 16:15:25,637 | INFO | Processing file: DanskeFreedom-1224.csv
2025-04-19 16:15:25,638 | INFO | Loaded 28 rows from DanskeFreedom-1224.csv
2025-04-19 16:15:25,638 | INFO | All files successfully combined.
2025-04-19 16:15:25,646 | INFO | Data cleaned. Remaining rows: 211
2025-04-19 16:15:25,647 | INFO | Filtered to 200 spending transactions.
2025-04-19 16:15:25,647 | INFO | Filtered to 11 earning transactions.
2025-04-19 16:15:26,752 | INFO | 0     2025-02-28
1     2025-02-27
2     2025-02-24
3     2025-02-24
4     2025-02-24
         ...    
206   2024-09-02
207   2024-09-02
208   2024-09-02
209   2024-09-02
210   2024-09-02
Name: Date, Length: 211, dtype: datetime64[ns], 0     2025-02-28
1     2025-02-27
2     2025-02-24
3     2025-02-24
4     2025-02-24
         ...    
206   2024-09-02
207   2024-09-02
208   2024-09-02
209   2024-09-02
210   2024-09-02
Name: Date, Length: 211, dtype: datetime64[ns]
2025-04-19 16:15:26,856 | INFO | Report successfully generated.
2025-04-19 16:15:30,550 | INFO | Filtered to 200 spending transactions.
2025-04-19 16:15:30,551 | INFO | Filtered to 11 earning transactions.
2025-04-19 16:15:31,577 | INFO | 0     2025-02-28
1     2025-02-27
2     2025-02-24
3     2025-02-24
4     2025-02-24
         ...    
206   2024-09-02
207   2024-09-02
208   2024-09-02
209   2024-09-02
210   2024-09-02
Name: Date, Length: 211, dtype: datetime64[ns], 0     2025-02-28
1     2025-02-27
2     2025-02-24
3     2025-02-24
4     2025-02-24
         ...    
206   2024-09-02
207   2024-09-02
208   2024-09-02
209   2024-09-02
210   2024-09-02
Name: Date, Length: 211, dtype: datetime64[ns]
2025-04-19 16:15:31,684 | INFO | Report successfully generated.
2025-04-19 16:15:49,896 | INFO | Filtered to 199 spending transactions.
2025-04-19 16:15:49,896 | INFO | Filtered to 11 earning transactions.
2025-04-19 16:15:50,932 | INFO | 0     2025-02-28
1     2025-02-27
2     2025-02-24
3     2025-02-24
4     2025-02-24
         ...    
205   2024-09-02
206   2024-09-02
207   2024-09-02
208   2024-09-02
209   2024-09-02
Name: Date, Length: 210, dtype: datetime64[ns], 0     2025-02-28
1     2025-02-27
2     2025-02-24
3     2025-02-24
4     2025-02-24
         ...    
205   2024-09-02
206   2024-09-02
207   2024-09-02
208   2024-09-02
209   2024-09-02
Name: Date, Length: 210, dtype: datetime64[ns]
2025-04-19 16:15:51,037 | INFO | Report successfully generated.
2025-04-19 17:32:26,595 | INFO | Filtered to 198 spending transactions.
2025-04-19 17:32:26,596 | INFO | Filtered to 11 earning transactions.
2025-04-19 17:32:27,704 | INFO | 0     2025-02-28
1     2025-02-27
2     2025-02-24
3     2025-02-24
4     2025-02-24
         ...    
204   2024-09-02
205   2024-09-02
206   2024-09-02
207   2024-09-02
208   2024-09-02
Name: Date, Length: 209, dtype: datetime64[ns], 0     2025-02-28
1     2025-02-27
2     2025-02-24
3     2025-02-24
4     2025-02-24
         ...    
204   2024-09-02
205   2024-09-02
206   2024-09-02
207   2024-09-02
208   2024-09-02
Name: Date, Length: 209, dtype: datetime64[ns]
2025-04-19 18:59:30,876 | INFO | Filtered to 0 spending transactions.
2025-04-19 18:59:30,876 | INFO | Filtered to 0 earning transactions.
2025-04-19 18:59:30,940 | ERROR | Error generating report: 'Source File'
Traceback (most recent call last):
  File "C:\Users\Calvin\Desktop\money_handling\spending_report\Home.py", line 119, in <module>
    df_sorted = df.sort_values(["Source File", "Date"])
  File "C:\Users\Calvin\Desktop\money_handling\venv\Lib\site-packages\pandas\core\frame.py", line 7172, in sort_values
    keys = [self._get_label_or_level_values(x, axis=axis) for x in by]
            ~~~~~~~~~~~~~~~~~~~~~~~~~~~~~~~^^^^^^^^^^^^^^
  File "C:\Users\Calvin\Desktop\money_handling\venv\Lib\site-packages\pandas\core\generic.py", line 1911, in _get_label_or_level_values
    raise KeyError(key)
KeyError: 'Source File'
2025-04-19 19:00:23,693 | INFO | Filtered to 0 spending transactions.
2025-04-19 19:00:23,694 | INFO | Filtered to 0 earning transactions.
2025-04-19 19:00:23,756 | ERROR | Error generating report: 'Source File'
Traceback (most recent call last):
  File "C:\Users\Calvin\Desktop\money_handling\spending_report\Home.py", line 119, in <module>
    df_sorted = df.sort_values(["Source File", "Date"])
  File "C:\Users\Calvin\Desktop\money_handling\venv\Lib\site-packages\pandas\core\frame.py", line 7172, in sort_values
    keys = [self._get_label_or_level_values(x, axis=axis) for x in by]
            ~~~~~~~~~~~~~~~~~~~~~~~~~~~~~~~^^^^^^^^^^^^^^
  File "C:\Users\Calvin\Desktop\money_handling\venv\Lib\site-packages\pandas\core\generic.py", line 1911, in _get_label_or_level_values
    raise KeyError(key)
KeyError: 'Source File'
2025-04-20 01:09:18,197 | INFO | Processing file: DanskeFreedom-0924.csv
2025-04-20 01:09:18,318 | INFO | Loaded 35 rows from DanskeFreedom-0924.csv
2025-04-20 01:09:18,327 | INFO | Processing file: DanskeFreedom-1024.csv
2025-04-20 01:09:18,330 | INFO | Loaded 35 rows from DanskeFreedom-1024.csv
2025-04-20 01:09:18,330 | INFO | Processing file: DanskeFreedom-1124.csv
2025-04-20 01:09:18,333 | INFO | Loaded 45 rows from DanskeFreedom-1124.csv
2025-04-20 01:09:18,333 | INFO | Processing file: DanskeFreedom-1224.csv
2025-04-20 01:09:18,334 | INFO | Loaded 28 rows from DanskeFreedom-1224.csv
2025-04-20 01:09:18,337 | INFO | All files successfully combined.
2025-04-20 01:09:18,405 | INFO | Data cleaned. Remaining rows: 143
2025-04-20 01:09:18,406 | INFO | Filtered to 135 spending transactions.
2025-04-20 01:09:18,407 | INFO | Filtered to 8 earning transactions.
2025-04-20 01:09:19,393 | INFO | 0     2024-12-31
1     2024-12-23
2     2024-12-23
3     2024-12-20
4     2024-12-18
         ...    
138   2024-09-02
139   2024-09-02
140   2024-09-02
141   2024-09-02
142   2024-09-02
Name: Date, Length: 143, dtype: datetime64[ns], 0     2024-12-31
1     2024-12-23
2     2024-12-23
3     2024-12-20
4     2024-12-18
         ...    
138   2024-09-02
139   2024-09-02
140   2024-09-02
141   2024-09-02
142   2024-09-02
Name: Date, Length: 143, dtype: datetime64[ns]
2025-04-20 01:09:19,513 | INFO | Report successfully generated.
2025-06-02 23:59:01,476 | INFO | Processing file: DanskeFreedom-0125.csv
2025-06-02 23:59:01,485 | INFO | Loaded 34 rows from DanskeFreedom-0125.csv
2025-06-02 23:59:01,489 | INFO | Processing file: DanskeFreedom-0225.csv
2025-06-02 23:59:01,490 | INFO | Loaded 34 rows from DanskeFreedom-0225.csv
2025-06-02 23:59:01,491 | INFO | Processing file: DanskeFreedom-0325.csv
2025-06-02 23:59:01,492 | INFO | Loaded 38 rows from DanskeFreedom-0325.csv
2025-06-02 23:59:01,493 | INFO | Processing file: DanskeFreedom-0425.csv
2025-06-02 23:59:01,494 | INFO | Loaded 45 rows from DanskeFreedom-0425.csv
2025-06-02 23:59:01,494 | INFO | Processing file: DanskeFreedom-0525.csv
2025-06-02 23:59:01,495 | INFO | Loaded 51 rows from DanskeFreedom-0525.csv
2025-06-02 23:59:01,496 | INFO | Processing file: DanskeFreedom-0824.csv
2025-06-02 23:59:01,497 | INFO | Loaded 37 rows from DanskeFreedom-0824.csv
2025-06-02 23:59:01,497 | INFO | Processing file: DanskeFreedom-0924.csv
2025-06-02 23:59:01,498 | INFO | Loaded 35 rows from DanskeFreedom-0924.csv
2025-06-02 23:59:01,498 | INFO | Processing file: DanskeFreedom-1024.csv
2025-06-02 23:59:01,499 | INFO | Loaded 35 rows from DanskeFreedom-1024.csv
2025-06-02 23:59:01,499 | INFO | Processing file: DanskeFreedom-1124.csv
2025-06-02 23:59:01,500 | INFO | Loaded 45 rows from DanskeFreedom-1124.csv
2025-06-02 23:59:01,501 | INFO | Processing file: DanskeFreedom-1224.csv
2025-06-02 23:59:01,501 | INFO | Loaded 28 rows from DanskeFreedom-1224.csv
2025-06-02 23:59:01,502 | INFO | All files successfully combined.
2025-06-02 23:59:01,524 | INFO | Data cleaned. Remaining rows: 345
2025-06-02 23:59:01,525 | INFO | Filtered to 330 spending transactions.
2025-06-02 23:59:01,525 | INFO | Filtered to 15 earning transactions.
2025-06-02 23:59:03,273 | INFO | 0     2025-05-30
1     2025-05-30
2     2025-05-30
3     2025-05-30
4     2025-05-29
         ...    
340   2024-09-02
341   2024-09-02
342   2024-09-02
343   2024-09-02
344   2024-09-02
Name: Date, Length: 345, dtype: datetime64[ns], 0     2025-05-30
1     2025-05-30
2     2025-05-30
3     2025-05-30
4     2025-05-29
         ...    
340   2024-09-02
341   2024-09-02
342   2024-09-02
343   2024-09-02
344   2024-09-02
Name: Date, Length: 345, dtype: datetime64[ns]
2025-06-02 23:59:03,391 | INFO | Report successfully generated.
2025-06-02 23:59:34,600 | INFO | Filtered to 330 spending transactions.
2025-06-02 23:59:34,601 | INFO | Filtered to 15 earning transactions.
2025-06-02 23:59:36,132 | INFO | 0     2025-05-30
1     2025-05-30
2     2025-05-30
3     2025-05-30
4     2025-05-29
         ...    
340   2024-09-02
341   2024-09-02
342   2024-09-02
343   2024-09-02
344   2024-09-02
Name: Date, Length: 345, dtype: datetime64[ns], 0     2025-05-30
1     2025-05-30
2     2025-05-30
3     2025-05-30
4     2025-05-29
         ...    
340   2024-09-02
341   2024-09-02
342   2024-09-02
343   2024-09-02
344   2024-09-02
Name: Date, Length: 345, dtype: datetime64[ns]
2025-06-02 23:59:36,246 | INFO | Report successfully generated.
